# JRE version: OpenJDK Runtime Environment (8.0_242-b01) (build 1.8.0_242-release-1644-b01)
# Java VM: OpenJDK 64-Bit Server VM (25.242-b01 mixed mode windows-amd64 compressed oops)
Heap:
 PSYoungGen      total 646144K, used 347983K [0x00000000d5580000, 0x00000000ffc80000, 0x0000000100000000)
  eden space 601088K, 56% used [0x00000000d5580000,0x00000000e9f69ce8,0x00000000fa080000)
  from space 45056K, 22% used [0x00000000fd080000,0x00000000fda6a020,0x00000000ffc80000)
  to   space 47104K, 0% used [0x00000000fa080000,0x00000000fa080000,0x00000000fce80000)
 ParOldGen       total 324096K, used 243839K [0x0000000080000000, 0x0000000093c80000, 0x00000000d5580000)
  object space 324096K, 75% used [0x0000000080000000,0x000000008ee1ff50,0x0000000093c80000)
 Metaspace       used 107469K, capacity 112458K, committed 113752K, reserved 1148928K
  class space    used 13960K, capacity 14903K, committed 15232K, reserved 1048576K
GC Heap History (10 events):
Event: 4590.741 GC heap before
{Heap before GC invocations=33 (full 5):
 PSYoungGen      total 632320K, used 589980K [0x00000000d5580000, 0x0000000100000000, 0x0000000100000000)
  eden space 575488K, 100% used [0x00000000d5580000,0x00000000f8780000,0x00000000f8780000)
  from space 56832K, 25% used [0x00000000f8780000,0x00000000f95a7178,0x00000000fbf00000)
  to   space 54784K, 0% used [0x00000000fca80000,0x00000000fca80000,0x0000000100000000)
 ParOldGen       total 324096K, used 196781K [0x0000000080000000, 0x0000000093c80000, 0x00000000d5580000)
  object space 324096K, 60% used [0x0000000080000000,0x000000008c02b480,0x0000000093c80000)
 Metaspace       used 106627K, capacity 111496K, committed 112984K, reserved 1146880K
  class space    used 13882K, capacity 14832K, committed 15232K, reserved 1048576K
Event: 4591.434 GC heap after
Heap after GC invocations=33 (full 5):
 PSYoungGen      total 635904K, used 12315K [0x00000000d5580000, 0x00000000ffa00000, 0x0000000100000000)
  eden space 587264K, 0% used [0x00000000d5580000,0x00000000d5580000,0x00000000f9300000)
  from space 48640K, 25% used [0x00000000fca80000,0x00000000fd686cf0,0x00000000ffa00000)
  to   space 52736K, 0% used [0x00000000f9300000,0x00000000f9300000,0x00000000fc680000)
 ParOldGen       total 324096K, used 208777K [0x0000000080000000, 0x0000000093c80000, 0x00000000d5580000)
  object space 324096K, 64% used [0x0000000080000000,0x000000008cbe2448,0x0000000093c80000)
 Metaspace       used 106627K, capacity 111496K, committed 112984K, reserved 1146880K
  class space    used 13882K, capacity 14832K, committed 15232K, reserved 1048576K
}
Event: 4594.574 GC heap before
{Heap before GC invocations=34 (full 5):
 PSYoungGen      total 635904K, used 599579K [0x00000000d5580000, 0x00000000ffa00000, 0x0000000100000000)
  eden space 587264K, 100% used [0x00000000d5580000,0x00000000f9300000,0x00000000f9300000)
  from space 48640K, 25% used [0x00000000fca80000,0x00000000fd686cf0,0x00000000ffa00000)
  to   space 52736K, 0% used [0x00000000f9300000,0x00000000f9300000,0x00000000fc680000)
 ParOldGen       total 324096K, used 208777K [0x0000000080000000, 0x0000000093c80000, 0x00000000d5580000)
  object space 324096K, 64% used [0x0000000080000000,0x000000008cbe2448,0x0000000093c80000)
 Metaspace       used 106636K, capacity 111500K, committed 112984K, reserved 1146880K
  class space    used 13882K, capacity 14832K, committed 15232K, reserved 1048576K
Event: 4595.700 GC heap after
Heap after GC invocations=34 (full 5):
 PSYoungGen      total 640000K, used 9652K [0x00000000d5580000, 0x0000000100000000, 0x0000000100000000)
  eden space 587264K, 0% used [0x00000000d5580000,0x00000000d5580000,0x00000000f9300000)
  from space 52736K, 18% used [0x00000000f9300000,0x00000000f9c6d230,0x00000000fc680000)
  to   space 51712K, 0% used [0x00000000fcd80000,0x00000000fcd80000,0x0000000100000000)
 ParOldGen       total 324096K, used 218351K [0x0000000080000000, 0x0000000093c80000, 0x00000000d5580000)
  object space 324096K, 67% used [0x0000000080000000,0x000000008d53bc70,0x0000000093c80000)
 Metaspace       used 106636K, capacity 111500K, committed 112984K, reserved 1146880K
  class space    used 13882K, capacity 14832K, committed 15232K, reserved 1048576K
}
Event: 4606.743 GC heap before
{Heap before GC invocations=35 (full 5):
 PSYoungGen      total 640000K, used 596916K [0x00000000d5580000, 0x0000000100000000, 0x0000000100000000)
  eden space 587264K, 100% used [0x00000000d5580000,0x00000000f9300000,0x00000000f9300000)
  from space 52736K, 18% used [0x00000000f9300000,0x00000000f9c6d230,0x00000000fc680000)
  to   space 51712K, 0% used [0x00000000fcd80000,0x00000000fcd80000,0x0000000100000000)
 ParOldGen       total 324096K, used 218351K [0x0000000080000000, 0x0000000093c80000, 0x00000000d5580000)
  object space 324096K, 67% used [0x0000000080000000,0x000000008d53bc70,0x0000000093c80000)
 Metaspace       used 106676K, capacity 111564K, committed 112984K, reserved 1146880K
  class space    used 13882K, capacity 14832K, committed 15232K, reserved 1048576K
Event: 4607.115 GC heap after
Heap after GC invocations=35 (full 5):
 PSYoungGen      total 640000K, used 16114K [0x00000000d5580000, 0x00000000ffa00000, 0x0000000100000000)
  eden space 594432K, 0% used [0x00000000d5580000,0x00000000d5580000,0x00000000f9a00000)
  from space 45568K, 35% used [0x00000000fcd80000,0x00000000fdd3c958,0x00000000ffa00000)
  to   space 49152K, 0% used [0x00000000f9a00000,0x00000000f9a00000,0x00000000fca00000)
 ParOldGen       total 324096K, used 225771K [0x0000000080000000, 0x0000000093c80000, 0x00000000d5580000)
  object space 324096K, 69% used [0x0000000080000000,0x000000008dc7ae28,0x0000000093c80000)
 Metaspace       used 106676K, capacity 111564K, committed 112984K, reserved 1146880K
  class space    used 13882K, capacity 14832K, committed 15232K, reserved 1048576K
}
Event: 4615.342 GC heap before
{Heap before GC invocations=36 (full 5):
 PSYoungGen      total 640000K, used 610546K [0x00000000d5580000, 0x00000000ffa00000, 0x0000000100000000)
  eden space 594432K, 100% used [0x00000000d5580000,0x00000000f9a00000,0x00000000f9a00000)
  from space 45568K, 35% used [0x00000000fcd80000,0x00000000fdd3c958,0x00000000ffa00000)
  to   space 49152K, 0% used [0x00000000f9a00000,0x00000000f9a00000,0x00000000fca00000)
 ParOldGen       total 324096K, used 225771K [0x0000000080000000, 0x0000000093c80000, 0x00000000d5580000)
  object space 324096K, 69% used [0x0000000080000000,0x000000008dc7ae28,0x0000000093c80000)
 Metaspace       used 106717K, capacity 111636K, committed 112984K, reserved 1146880K
  class space    used 13882K, capacity 14832K, committed 15232K, reserved 1048576K
Event: 4615.606 GC heap after
Heap after GC invocations=36 (full 5):
 PSYoungGen      total 643584K, used 25538K [0x00000000d5580000, 0x0000000100000000, 0x0000000100000000)
  eden space 594432K, 0% used [0x00000000d5580000,0x00000000d5580000,0x00000000f9a00000)
  from space 49152K, 51% used [0x00000000f9a00000,0x00000000fb2f0a00,0x00000000fca00000)
  to   space 48640K, 0% used [0x00000000fd080000,0x00000000fd080000,0x0000000100000000)
 ParOldGen       total 324096K, used 238668K [0x0000000080000000, 0x0000000093c80000, 0x00000000d5580000)
  object space 324096K, 73% used [0x0000000080000000,0x000000008e913348,0x0000000093c80000)
 Metaspace       used 106717K, capacity 111636K, committed 112984K, reserved 1146880K
  class space    used 13882K, capacity 14832K, committed 15232K, reserved 1048576K
}
Event: 4621.261 GC heap before
{Heap before GC invocations=37 (full 5):
 PSYoungGen      total 643584K, used 619970K [0x00000000d5580000, 0x0000000100000000, 0x0000000100000000)
  eden space 594432K, 100% used [0x00000000d5580000,0x00000000f9a00000,0x00000000f9a00000)
  from space 49152K, 51% used [0x00000000f9a00000,0x00000000fb2f0a00,0x00000000fca00000)
  to   space 48640K, 0% used [0x00000000fd080000,0x00000000fd080000,0x0000000100000000)
 ParOldGen       total 324096K, used 238668K [0x0000000080000000, 0x0000000093c80000, 0x00000000d5580000)
  object space 324096K, 73% used [0x0000000080000000,0x000000008e913348,0x0000000093c80000)
 Metaspace       used 106734K, capacity 111706K, committed 113240K, reserved 1146880K
  class space    used 13884K, capacity 14833K, committed 15232K, reserved 1048576K
Event: 4621.736 GC heap after
Heap after GC invocations=37 (full 5):
 PSYoungGen      total 646144K, used 10152K [0x00000000d5580000, 0x00000000ffc80000, 0x0000000100000000)
  eden space 601088K, 0% used [0x00000000d5580000,0x00000000d5580000,0x00000000fa080000)
  from space 45056K, 22% used [0x00000000fd080000,0x00000000fda6a020,0x00000000ffc80000)
  to   space 47104K, 0% used [0x00000000fa080000,0x00000000fa080000,0x00000000fce80000)
 ParOldGen       total 324096K, used 243839K [0x0000000080000000, 0x0000000093c80000, 0x00000000d5580000)
  object space 324096K, 75% used [0x0000000080000000,0x000000008ee1ff50,0x0000000093c80000)
 Metaspace       used 106734K, capacity 111706K, committed 113240K, reserved 1146880K
  class space    used 13884K, capacity 14833K, committed 15232K, reserved 1048576K
}

